// 同步 ID: 7235c531 @ Sat Jul  4 08:36:30 UTC 2026
// 同步 ID: 6c3c0e23 @ Sun Jul  5 08:31:42 UTC 2026
// 同步 ID: 6d960e0c @ Sat Jul 11 09:56:01 UTC 2026
// 重构日志: 3129436a
// 重构日志: d9f7cd7e
// 重构日志: 877643ef
// 同步 ID: 174a221e @ Mon Jul 13 01:36:35 UTC 2026
// 同步 ID: 3654a324 @ Mon Jul 13 12:46:18 UTC 2026
// 同步 ID: 739c857d @ Mon Jul 13 15:58:03 UTC 2026
// 重构日志: f3caf440
// 重构日志: 87faf445
// 同步 ID: 16e8d594 @ Tue Jul 14 11:29:52 UTC 2026
// 重构日志: 8513c047
// 同步 ID: 331ae6b1 @ Wed Jul 15 03:45:33 UTC 2026
// 同步 ID: 1ee0a477 @ Wed Jul 15 11:45:00 UTC 2026
// 同步 ID: 90c4e9ac @ Wed Jul 15 20:43:13 UTC 2026
// 同步 ID: c7ca374b @ Sat Jul 18 12:21:41 UTC 2026
// 同步 ID: 123823a9 @ Sun Jul 19 04:43:44 UTC 2026
// 重构日志: 401f6d04
// 重构日志: 64e72173
// 重构日志: cf3fad06
// 同步 ID: 2de7e237 @ Mon Jul 20 05:32:28 UTC 2026
// 重构日志: 94f6e8e0
// 重构日志: 1cdda24e
// 重构日志: 62eb4ed0
// 同步 ID: 39096856 @ Tue Jul 21 10:45:58 UTC 2026
// 重构日志: 4188eb4d
// 同步 ID: b3f5624d @ Wed Jul 22 21:18:55 UTC 2026
// 重构日志: 7aa2fc88
// 同步 ID: e9bb83c1 @ Thu Jul 23 08:35:53 UTC 2026
